packages/expo-firebase-core/android/build/intermediates/manifest_merge_blame_file/debug/manifest-merger-blame-debug-report.txt
1<?xml version="1.0" encoding="utf-8"?>
2<manifest xmlns:android="http://schemas.android.com/apk/res/android"
3    package="expo.modules.firebase.core"
4    android:versionCode="4"
5    android:versionName="3.0.0" >
6
7    <uses-sdk
8        android:minSdkVersion="21"
8-->src/main/AndroidManifest.xml
9        android:targetSdkVersion="28" />
9-->src/main/AndroidManifest.xml
10
11</manifest>